<?xml version="1.0" encoding="UTF-8"?>
<testsuite xmlns:xsi="http://www.w3.org/2001/XMLSchema-instance" xsi:noNamespaceSchemaLocation="https://maven.apache.org/surefire/maven-surefire-plugin/xsd/surefire-test-report-3.0.xsd" version="3.0" name="com.example.WriterTest" time="0.263" tests="3" errors="0" skipped="0" failures="0">
  <properties>
[...]
</properties>
  <testcase name="testWriterUpdate" classname="com.example.WriterTest" time="0.209">
    <system-out><![CDATA[Enter writer ID: Enter writer first name: Enter writer last name: Message: Writer updated successfully.
{
  "id": 1,
  "firstName": "Jane",
  "lastName": "Doe",
  "posts": [],
  "status": "ACTIVE"
}
]]></system-out>
  </testcase>
  <testcase name="testWriterDeletion" classname="com.example.WriterTest" time="0.016">
    <system-out><![CDATA[Enter writer ID: Message: Writer deleted successfully.
]]></system-out>
  </testcase>
  <testcase name="testWriterCreation" classname="com.example.WriterTest" time="0.009">
    <system-out><![CDATA[Enter number of writers to add: Enter writer first name: Enter writer last name: Enter number of posts for the writer: ]]></system-out>
  </testcase>
</testsuite>